<?xml version="1.0" encoding="UTF-8"?>
<testsuite name="BullsCowsTest" tests="1" skipped="0" failures="0" errors="0" timestamp="2021-02-09T12:40:33" hostname="DESKTOP-4RRBCPT" time="0.235">
  <properties/>
  <testcase name="start" classname="BullsCowsTest" time="0.235"/>
  <system-out><![CDATA[?[1;31m
Start test 1?[0m
Podaj długość hasła
> 4
1740
?[1;31m
Start test 2?[0m
Podaj długość hasła
> 1
5
?[1;31m
Start test 3?[0m
Podaj długość hasła
> 11
Error: can't generate a secret number with a length of 11 because there aren't enough unique digits.
?[1;31m
Start test 4?[0m
Podaj długość hasła
> 6
842907
?[1;31m
Start test 5?[0m
Podaj długość hasła
> 3
953
]]></system-out>
  <system-err><![CDATA[]]></system-err>
</testsuite>
